2024-10-07 11:53:14,522 - ERROR - 304 days are missing for station Canberra in the year 2007.
2024-10-07 11:53:14,530 - ERROR - 365 days are missing for station Sydney in the year 2007.
2024-10-07 11:53:14,539 - ERROR - 365 days are missing for station Adelaide in the year 2007.
2024-10-07 11:53:14,548 - ERROR - 365 days are missing for station Hobart in the year 2007.
2024-10-07 11:53:14,556 - ERROR - 365 days are missing for station Melbourne in the year 2007.
2024-10-07 11:53:14,565 - ERROR - 365 days are missing for station Brisbane in the year 2007.
2024-10-07 11:53:14,574 - ERROR - 365 days are missing for station Perth in the year 2007.
2024-10-07 11:53:14,582 - ERROR - 365 days are missing for station Darwin in the year 2007.
2024-10-07 11:53:14,591 - ERROR - 365 days are missing for station Albany in the year 2007.
2024-10-07 11:53:14,599 - ERROR - 365 days are missing for station Newcastle in the year 2007.
2024-10-07 11:53:14,608 - ERROR - 365 days are missing for station GoldCoast in the year 2007.
2024-10-07 11:53:14,615 - ERROR - 365 days are missing for station AliceSprings in the year 2007.
2024-10-07 11:53:14,623 - ERROR - 365 days are missing for station Albury in the year 2007.
2024-10-07 11:53:14,631 - ERROR - 365 days are missing for station Cairns in the year 2007.
2024-10-07 11:53:14,640 - ERROR - 365 days are missing for station MountGambier in the year 2007.
2024-10-07 11:53:14,648 - ERROR - 365 days are missing for station Penrith in the year 2007.
2024-10-07 11:53:14,656 - ERROR - 365 days are missing for station Ballarat in the year 2007.
2024-10-07 11:53:14,664 - ERROR - 365 days are missing for station Bendigo in the year 2007.
2024-10-07 11:53:14,673 - ERROR - 365 days are missing for station Wollongong in the year 2007.
2024-10-07 11:53:14,680 - ERROR - 365 days are missing for station MountGinini in the year 2007.
2024-10-07 11:53:14,689 - ERROR - 365 days are missing for station Townsville in the year 2007.
2024-10-07 11:53:14,697 - ERROR - 365 days are missing for station Tuggeranong in the year 2007.
2024-10-07 11:53:14,706 - ERROR - 365 days are missing for station Launceston in the year 2007.
2024-10-07 11:53:14,718 - ERROR - 365 days are missing for station Moree in the year 2007.
2024-10-07 11:53:14,727 - ERROR - 365 days are missing for station Walpole in the year 2007.
2024-10-07 11:53:14,740 - ERROR - 365 days are missing for station BadgerysCreek in the year 2007.
2024-10-07 11:53:14,754 - ERROR - 365 days are missing for station Williamtown in the year 2007.
2024-10-07 11:53:14,775 - ERROR - 365 days are missing for station MelbourneAirport in the year 2007.
2024-10-07 11:53:14,785 - ERROR - 365 days are missing for station PerthAirport in the year 2007.
2024-10-07 11:53:14,797 - ERROR - 365 days are missing for station CoffsHarbour in the year 2007.
2024-10-07 11:53:14,805 - ERROR - 365 days are missing for station Woomera in the year 2007.
2024-10-07 11:53:14,814 - ERROR - 365 days are missing for station PearceRAAF in the year 2007.
2024-10-07 11:53:14,823 - ERROR - 365 days are missing for station Nuriootpa in the year 2007.
2024-10-07 11:53:14,831 - ERROR - 365 days are missing for station Cobar in the year 2007.
2024-10-07 11:53:14,840 - ERROR - 365 days are missing for station Sale in the year 2007.
2024-10-07 11:53:14,848 - ERROR - 365 days are missing for station SydneyAirport in the year 2007.
2024-10-07 11:53:14,856 - ERROR - 365 days are missing for station WaggaWagga in the year 2007.
2024-10-07 11:53:14,865 - ERROR - 365 days are missing for station Richmond in the year 2007.
2024-10-07 11:53:14,874 - ERROR - 365 days are missing for station NorahHead in the year 2007.
2024-10-07 11:53:14,882 - ERROR - 365 days are missing for station Mildura in the year 2007.
2024-10-07 11:53:14,890 - ERROR - 365 days are missing for station NorfolkIsland in the year 2007.
2024-10-07 11:53:14,897 - ERROR - 365 days are missing for station Witchcliffe in the year 2007.
2024-10-07 11:53:14,906 - ERROR - 365 days are missing for station Dartmoor in the year 2007.
2024-10-07 11:53:14,914 - ERROR - 365 days are missing for station Watsonia in the year 2007.
2024-10-07 11:53:14,922 - ERROR - 365 days are missing for station Portland in the year 2007.
2024-10-07 11:53:14,931 - ERROR - 365 days are missing for station SalmonGums in the year 2007.
2024-10-07 11:53:14,939 - ERROR - 365 days are missing for station Uluru in the year 2007.
2024-10-07 11:53:14,948 - ERROR - 365 days are missing for station Nhil in the year 2007.
2024-10-07 11:53:14,956 - ERROR - 365 days are missing for station Katherine in the year 2007.
2024-10-07 11:53:14,966 - ERROR - All days of the year 2008 are present for station Canberra.
2024-10-07 11:53:14,975 - ERROR - 31 days are missing for station Sydney in the year 2008.
2024-10-07 11:53:14,984 - ERROR - 182 days are missing for station Adelaide in the year 2008.
2024-10-07 11:53:14,993 - ERROR - 182 days are missing for station Hobart in the year 2008.
2024-10-07 11:53:15,002 - ERROR - 182 days are missing for station Melbourne in the year 2008.
2024-10-07 11:53:15,011 - ERROR - 182 days are missing for station Brisbane in the year 2008.
2024-10-07 11:53:15,019 - ERROR - 182 days are missing for station Perth in the year 2008.
2024-10-07 11:53:15,028 - ERROR - 182 days are missing for station Darwin in the year 2008.
2024-10-07 11:53:15,036 - ERROR - 335 days are missing for station Albany in the year 2008.
2024-10-07 11:53:15,045 - ERROR - 335 days are missing for station Newcastle in the year 2008.
2024-10-07 11:53:15,053 - ERROR - 335 days are missing for station GoldCoast in the year 2008.
2024-10-07 11:53:15,061 - ERROR - 335 days are missing for station AliceSprings in the year 2008.
2024-10-07 11:53:15,069 - ERROR - 335 days are missing for station Albury in the year 2008.
2024-10-07 11:53:15,078 - ERROR - 335 days are missing for station Cairns in the year 2008.
2024-10-07 11:53:15,086 - ERROR - 335 days are missing for station MountGambier in the year 2008.
2024-10-07 11:53:15,094 - ERROR - 335 days are missing for station Penrith in the year 2008.
2024-10-07 11:53:15,103 - ERROR - 335 days are missing for station Ballarat in the year 2008.
2024-10-07 11:53:15,112 - ERROR - 335 days are missing for station Bendigo in the year 2008.
2024-10-07 11:53:15,120 - ERROR - 335 days are missing for station Wollongong in the year 2008.
2024-10-07 11:53:15,129 - ERROR - 335 days are missing for station MountGinini in the year 2008.
2024-10-07 11:53:15,137 - ERROR - 335 days are missing for station Townsville in the year 2008.
2024-10-07 11:53:15,146 - ERROR - 335 days are missing for station Tuggeranong in the year 2008.
2024-10-07 11:53:15,159 - ERROR - 335 days are missing for station Launceston in the year 2008.
2024-10-07 11:53:15,167 - ERROR - 366 days are missing for station Moree in the year 2008.
2024-10-07 11:53:15,176 - ERROR - 366 days are missing for station Walpole in the year 2008.
2024-10-07 11:53:15,185 - ERROR - 366 days are missing for station BadgerysCreek in the year 2008.
2024-10-07 11:53:15,194 - ERROR - 366 days are missing for station Williamtown in the year 2008.
2024-10-07 11:53:15,202 - ERROR - 366 days are missing for station MelbourneAirport in the year 2008.
2024-10-07 11:53:15,212 - ERROR - 366 days are missing for station PerthAirport in the year 2008.
2024-10-07 11:53:15,220 - ERROR - 366 days are missing for station CoffsHarbour in the year 2008.
2024-10-07 11:53:15,228 - ERROR - 366 days are missing for station Woomera in the year 2008.
2024-10-07 11:53:15,236 - ERROR - 366 days are missing for station PearceRAAF in the year 2008.
2024-10-07 11:53:15,245 - ERROR - 366 days are missing for station Nuriootpa in the year 2008.
2024-10-07 11:53:15,252 - ERROR - 366 days are missing for station Cobar in the year 2008.
2024-10-07 11:53:15,260 - ERROR - 366 days are missing for station Sale in the year 2008.
2024-10-07 11:53:15,268 - ERROR - 366 days are missing for station SydneyAirport in the year 2008.
2024-10-07 11:53:15,277 - ERROR - 366 days are missing for station WaggaWagga in the year 2008.
2024-10-07 11:53:15,285 - ERROR - 366 days are missing for station Richmond in the year 2008.
2024-10-07 11:53:15,294 - ERROR - 366 days are missing for station NorahHead in the year 2008.
2024-10-07 11:53:15,302 - ERROR - 366 days are missing for station Mildura in the year 2008.
2024-10-07 11:53:15,310 - ERROR - 366 days are missing for station NorfolkIsland in the year 2008.
2024-10-07 11:53:15,318 - ERROR - 366 days are missing for station Witchcliffe in the year 2008.
2024-10-07 11:53:15,327 - ERROR - 366 days are missing for station Dartmoor in the year 2008.
2024-10-07 11:53:15,335 - ERROR - 366 days are missing for station Watsonia in the year 2008.
2024-10-07 11:53:15,343 - ERROR - 366 days are missing for station Portland in the year 2008.
2024-10-07 11:53:15,351 - ERROR - 366 days are missing for station SalmonGums in the year 2008.
2024-10-07 11:53:15,360 - ERROR - 366 days are missing for station Uluru in the year 2008.
2024-10-07 11:53:15,367 - ERROR - 366 days are missing for station Nhil in the year 2008.
2024-10-07 11:53:15,376 - ERROR - 366 days are missing for station Katherine in the year 2008.
2024-10-07 11:53:15,384 - ERROR - All days of the year 2009 are present for station Canberra.
2024-10-07 11:53:15,394 - ERROR - All days of the year 2009 are present for station Sydney.
2024-10-07 11:53:15,402 - ERROR - All days of the year 2009 are present for station Adelaide.
2024-10-07 11:53:15,411 - ERROR - All days of the year 2009 are present for station Hobart.
2024-10-07 11:53:15,419 - ERROR - All days of the year 2009 are present for station Melbourne.
2024-10-07 11:53:15,428 - ERROR - All days of the year 2009 are present for station Brisbane.
2024-10-07 11:53:15,435 - ERROR - All days of the year 2009 are present for station Perth.
2024-10-07 11:53:15,444 - ERROR - All days of the year 2009 are present for station Darwin.
2024-10-07 11:53:15,452 - ERROR - All days of the year 2009 are present for station Albany.
2024-10-07 11:53:15,461 - ERROR - All days of the year 2009 are present for station Newcastle.
2024-10-07 11:53:15,469 - ERROR - All days of the year 2009 are present for station GoldCoast.
2024-10-07 11:53:15,477 - ERROR - All days of the year 2009 are present for station AliceSprings.
2024-10-07 11:53:15,485 - ERROR - All days of the year 2009 are present for station Albury.
2024-10-07 11:53:15,494 - ERROR - All days of the year 2009 are present for station Cairns.
2024-10-07 11:53:15,502 - ERROR - All days of the year 2009 are present for station MountGambier.
2024-10-07 11:53:15,511 - ERROR - 1 days are missing for station Penrith in the year 2009.
2024-10-07 11:53:15,519 - ERROR - All days of the year 2009 are present for station Ballarat.
2024-10-07 11:53:15,527 - ERROR - All days of the year 2009 are present for station Bendigo.
2024-10-07 11:53:15,535 - ERROR - All days of the year 2009 are present for station Wollongong.
2024-10-07 11:53:15,544 - ERROR - All days of the year 2009 are present for station MountGinini.
2024-10-07 11:53:15,551 - ERROR - All days of the year 2009 are present for station Townsville.
2024-10-07 11:53:15,560 - ERROR - All days of the year 2009 are present for station Tuggeranong.
2024-10-07 11:53:15,568 - ERROR - All days of the year 2009 are present for station Launceston.
2024-10-07 11:53:15,577 - ERROR - All days of the year 2009 are present for station Moree.
2024-10-07 11:53:15,585 - ERROR - All days of the year 2009 are present for station Walpole.
2024-10-07 11:53:15,594 - ERROR - All days of the year 2009 are present for station BadgerysCreek.
2024-10-07 11:53:15,602 - ERROR - All days of the year 2009 are present for station Williamtown.
2024-10-07 11:53:15,610 - ERROR - All days of the year 2009 are present for station MelbourneAirport.
2024-10-07 11:53:15,618 - ERROR - All days of the year 2009 are present for station PerthAirport.
2024-10-07 11:53:15,627 - ERROR - All days of the year 2009 are present for station CoffsHarbour.
2024-10-07 11:53:15,635 - ERROR - All days of the year 2009 are present for station Woomera.
2024-10-07 11:53:15,644 - ERROR - All days of the year 2009 are present for station PearceRAAF.
2024-10-07 11:53:15,652 - ERROR - All days of the year 2009 are present for station Nuriootpa.
2024-10-07 11:53:15,660 - ERROR - All days of the year 2009 are present for station Cobar.
2024-10-07 11:53:15,668 - ERROR - All days of the year 2009 are present for station Sale.
2024-10-07 11:53:15,676 - ERROR - All days of the year 2009 are present for station SydneyAirport.
2024-10-07 11:53:15,684 - ERROR - All days of the year 2009 are present for station WaggaWagga.
2024-10-07 11:53:15,693 - ERROR - All days of the year 2009 are present for station Richmond.
2024-10-07 11:53:15,702 - ERROR - All days of the year 2009 are present for station NorahHead.
2024-10-07 11:53:15,711 - ERROR - All days of the year 2009 are present for station Mildura.
2024-10-07 11:53:15,718 - ERROR - All days of the year 2009 are present for station NorfolkIsland.
2024-10-07 11:53:15,727 - ERROR - All days of the year 2009 are present for station Witchcliffe.
2024-10-07 11:53:15,735 - ERROR - All days of the year 2009 are present for station Dartmoor.
2024-10-07 11:53:15,744 - ERROR - All days of the year 2009 are present for station Watsonia.
2024-10-07 11:53:15,752 - ERROR - All days of the year 2009 are present for station Portland.
2024-10-07 11:53:15,761 - ERROR - All days of the year 2009 are present for station SalmonGums.
2024-10-07 11:53:15,769 - ERROR - 365 days are missing for station Uluru in the year 2009.
2024-10-07 11:53:15,778 - ERROR - 365 days are missing for station Nhil in the year 2009.
2024-10-07 11:53:15,787 - ERROR - 365 days are missing for station Katherine in the year 2009.
2024-10-07 11:53:15,796 - ERROR - All days of the year 2010 are present for station Canberra.
2024-10-07 11:53:15,805 - ERROR - All days of the year 2010 are present for station Sydney.
2024-10-07 11:53:15,813 - ERROR - All days of the year 2010 are present for station Adelaide.
2024-10-07 11:53:15,822 - ERROR - All days of the year 2010 are present for station Hobart.
2024-10-07 11:53:15,831 - ERROR - All days of the year 2010 are present for station Melbourne.
2024-10-07 11:53:15,839 - ERROR - All days of the year 2010 are present for station Brisbane.
2024-10-07 11:53:15,848 - ERROR - All days of the year 2010 are present for station Perth.
2024-10-07 11:53:15,856 - ERROR - All days of the year 2010 are present for station Darwin.
2024-10-07 11:53:15,865 - ERROR - All days of the year 2010 are present for station Albany.
2024-10-07 11:53:15,873 - ERROR - All days of the year 2010 are present for station Newcastle.
2024-10-07 11:53:15,881 - ERROR - All days of the year 2010 are present for station GoldCoast.
2024-10-07 11:53:15,892 - ERROR - All days of the year 2010 are present for station AliceSprings.
2024-10-07 11:53:15,900 - ERROR - All days of the year 2010 are present for station Albury.
2024-10-07 11:53:15,909 - ERROR - All days of the year 2010 are present for station Cairns.
2024-10-07 11:53:15,917 - ERROR - All days of the year 2010 are present for station MountGambier.
2024-10-07 11:53:15,925 - ERROR - All days of the year 2010 are present for station Penrith.
2024-10-07 11:53:15,933 - ERROR - All days of the year 2010 are present for station Ballarat.
2024-10-07 11:53:15,942 - ERROR - All days of the year 2010 are present for station Bendigo.
2024-10-07 11:53:15,950 - ERROR - All days of the year 2010 are present for station Wollongong.
2024-10-07 11:53:15,958 - ERROR - All days of the year 2010 are present for station MountGinini.
2024-10-07 11:53:15,966 - ERROR - All days of the year 2010 are present for station Townsville.
2024-10-07 11:53:15,975 - ERROR - All days of the year 2010 are present for station Tuggeranong.
2024-10-07 11:53:15,983 - ERROR - All days of the year 2010 are present for station Launceston.
2024-10-07 11:53:15,992 - ERROR - All days of the year 2010 are present for station Moree.
2024-10-07 11:53:16,001 - ERROR - All days of the year 2010 are present for station Walpole.
2024-10-07 11:53:16,010 - ERROR - All days of the year 2010 are present for station BadgerysCreek.
2024-10-07 11:53:16,018 - ERROR - All days of the year 2010 are present for station Williamtown.
2024-10-07 11:53:16,027 - ERROR - All days of the year 2010 are present for station MelbourneAirport.
2024-10-07 11:53:16,034 - ERROR - All days of the year 2010 are present for station PerthAirport.
2024-10-07 11:53:16,043 - ERROR - All days of the year 2010 are present for station CoffsHarbour.
2024-10-07 11:53:16,051 - ERROR - All days of the year 2010 are present for station Woomera.
2024-10-07 11:53:16,060 - ERROR - All days of the year 2010 are present for station PearceRAAF.
2024-10-07 11:53:16,067 - ERROR - All days of the year 2010 are present for station Nuriootpa.
2024-10-07 11:53:16,076 - ERROR - All days of the year 2010 are present for station Cobar.
2024-10-07 11:53:16,084 - ERROR - All days of the year 2010 are present for station Sale.
2024-10-07 11:53:16,093 - ERROR - All days of the year 2010 are present for station SydneyAirport.
2024-10-07 11:53:16,101 - ERROR - All days of the year 2010 are present for station WaggaWagga.
2024-10-07 11:53:16,110 - ERROR - All days of the year 2010 are present for station Richmond.
2024-10-07 11:53:16,117 - ERROR - All days of the year 2010 are present for station NorahHead.
2024-10-07 11:53:16,126 - ERROR - All days of the year 2010 are present for station Mildura.
2024-10-07 11:53:16,134 - ERROR - All days of the year 2010 are present for station NorfolkIsland.
2024-10-07 11:53:16,143 - ERROR - All days of the year 2010 are present for station Witchcliffe.
2024-10-07 11:53:16,151 - ERROR - All days of the year 2010 are present for station Dartmoor.
2024-10-07 11:53:16,159 - ERROR - All days of the year 2010 are present for station Watsonia.
2024-10-07 11:53:16,167 - ERROR - All days of the year 2010 are present for station Portland.
2024-10-07 11:53:16,176 - ERROR - 8 days are missing for station SalmonGums in the year 2010.
2024-10-07 11:53:16,184 - ERROR - 365 days are missing for station Uluru in the year 2010.
2024-10-07 11:53:16,193 - ERROR - 365 days are missing for station Nhil in the year 2010.
2024-10-07 11:53:16,201 - ERROR - 365 days are missing for station Katherine in the year 2010.
2024-10-07 11:53:16,210 - ERROR - 30 days are missing for station Canberra in the year 2011.
2024-10-07 11:53:16,218 - ERROR - 30 days are missing for station Sydney in the year 2011.
2024-10-07 11:53:16,227 - ERROR - 30 days are missing for station Adelaide in the year 2011.
2024-10-07 11:53:16,235 - ERROR - 30 days are missing for station Hobart in the year 2011.
2024-10-07 11:53:16,245 - ERROR - 30 days are missing for station Melbourne in the year 2011.
2024-10-07 11:53:16,253 - ERROR - 30 days are missing for station Brisbane in the year 2011.
2024-10-07 11:53:16,261 - ERROR - 30 days are missing for station Perth in the year 2011.
2024-10-07 11:53:16,269 - ERROR - 30 days are missing for station Darwin in the year 2011.
2024-10-07 11:53:16,278 - ERROR - 30 days are missing for station Albany in the year 2011.
2024-10-07 11:53:16,286 - ERROR - 30 days are missing for station Newcastle in the year 2011.
2024-10-07 11:53:16,295 - ERROR - 30 days are missing for station GoldCoast in the year 2011.
2024-10-07 11:53:16,304 - ERROR - 30 days are missing for station AliceSprings in the year 2011.
2024-10-07 11:53:16,312 - ERROR - 30 days are missing for station Albury in the year 2011.
2024-10-07 11:53:16,320 - ERROR - 30 days are missing for station Cairns in the year 2011.
2024-10-07 11:53:16,328 - ERROR - 30 days are missing for station MountGambier in the year 2011.
2024-10-07 11:53:16,336 - ERROR - 30 days are missing for station Penrith in the year 2011.
2024-10-07 11:53:16,345 - ERROR - 30 days are missing for station Ballarat in the year 2011.
2024-10-07 11:53:16,352 - ERROR - 30 days are missing for station Bendigo in the year 2011.
2024-10-07 11:53:16,361 - ERROR - 30 days are missing for station Wollongong in the year 2011.
2024-10-07 11:53:16,369 - ERROR - 30 days are missing for station MountGinini in the year 2011.
2024-10-07 11:53:16,377 - ERROR - 30 days are missing for station Townsville in the year 2011.
2024-10-07 11:53:16,385 - ERROR - 30 days are missing for station Tuggeranong in the year 2011.
2024-10-07 11:53:16,394 - ERROR - 30 days are missing for station Launceston in the year 2011.
2024-10-07 11:53:16,402 - ERROR - 30 days are missing for station Moree in the year 2011.
2024-10-07 11:53:16,410 - ERROR - 33 days are missing for station Walpole in the year 2011.
2024-10-07 11:53:16,418 - ERROR - 30 days are missing for station BadgerysCreek in the year 2011.
2024-10-07 11:53:16,427 - ERROR - 30 days are missing for station Williamtown in the year 2011.
2024-10-07 11:53:16,435 - ERROR - 30 days are missing for station MelbourneAirport in the year 2011.
2024-10-07 11:53:16,443 - ERROR - 30 days are missing for station PerthAirport in the year 2011.
2024-10-07 11:53:16,451 - ERROR - 30 days are missing for station CoffsHarbour in the year 2011.
2024-10-07 11:53:16,461 - ERROR - 30 days are missing for station Woomera in the year 2011.
2024-10-07 11:53:16,469 - ERROR - 30 days are missing for station PearceRAAF in the year 2011.
2024-10-07 11:53:16,478 - ERROR - 30 days are missing for station Nuriootpa in the year 2011.
2024-10-07 11:53:16,485 - ERROR - 30 days are missing for station Cobar in the year 2011.
2024-10-07 11:53:16,494 - ERROR - 30 days are missing for station Sale in the year 2011.
2024-10-07 11:53:16,502 - ERROR - 30 days are missing for station SydneyAirport in the year 2011.
2024-10-07 11:53:16,510 - ERROR - 30 days are missing for station WaggaWagga in the year 2011.
2024-10-07 11:53:16,518 - ERROR - 30 days are missing for station Richmond in the year 2011.
2024-10-07 11:53:16,527 - ERROR - 30 days are missing for station NorahHead in the year 2011.
2024-10-07 11:53:16,535 - ERROR - 30 days are missing for station Mildura in the year 2011.
2024-10-07 11:53:16,544 - ERROR - 30 days are missing for station NorfolkIsland in the year 2011.
2024-10-07 11:53:16,552 - ERROR - 30 days are missing for station Witchcliffe in the year 2011.
2024-10-07 11:53:16,560 - ERROR - 30 days are missing for station Dartmoor in the year 2011.
2024-10-07 11:53:16,568 - ERROR - 30 days are missing for station Watsonia in the year 2011.
2024-10-07 11:53:16,577 - ERROR - 30 days are missing for station Portland in the year 2011.
2024-10-07 11:53:16,585 - ERROR - 30 days are missing for station SalmonGums in the year 2011.
2024-10-07 11:53:16,594 - ERROR - 365 days are missing for station Uluru in the year 2011.
2024-10-07 11:53:16,601 - ERROR - 365 days are missing for station Nhil in the year 2011.
2024-10-07 11:53:16,610 - ERROR - 365 days are missing for station Katherine in the year 2011.
2024-10-07 11:53:16,618 - ERROR - 31 days are missing for station Canberra in the year 2012.
2024-10-07 11:53:16,627 - ERROR - 31 days are missing for station Sydney in the year 2012.
2024-10-07 11:53:16,635 - ERROR - 31 days are missing for station Adelaide in the year 2012.
2024-10-07 11:53:16,643 - ERROR - 31 days are missing for station Hobart in the year 2012.
2024-10-07 11:53:16,651 - ERROR - 31 days are missing for station Melbourne in the year 2012.
2024-10-07 11:53:16,660 - ERROR - 31 days are missing for station Brisbane in the year 2012.
2024-10-07 11:53:16,668 - ERROR - 31 days are missing for station Perth in the year 2012.
2024-10-07 11:53:16,676 - ERROR - 31 days are missing for station Darwin in the year 2012.
2024-10-07 11:53:16,684 - ERROR - 31 days are missing for station Albany in the year 2012.
2024-10-07 11:53:16,693 - ERROR - 31 days are missing for station Newcastle in the year 2012.
2024-10-07 11:53:16,701 - ERROR - 31 days are missing for station GoldCoast in the year 2012.
2024-10-07 11:53:16,709 - ERROR - 31 days are missing for station AliceSprings in the year 2012.
2024-10-07 11:53:16,718 - ERROR - 31 days are missing for station Albury in the year 2012.
2024-10-07 11:53:16,727 - ERROR - 31 days are missing for station Cairns in the year 2012.
2024-10-07 11:53:16,735 - ERROR - 31 days are missing for station MountGambier in the year 2012.
2024-10-07 11:53:16,743 - ERROR - 31 days are missing for station Penrith in the year 2012.
2024-10-07 11:53:16,751 - ERROR - 31 days are missing for station Ballarat in the year 2012.
2024-10-07 11:53:16,760 - ERROR - 31 days are missing for station Bendigo in the year 2012.
2024-10-07 11:53:16,768 - ERROR - 31 days are missing for station Wollongong in the year 2012.
2024-10-07 11:53:16,776 - ERROR - 31 days are missing for station MountGinini in the year 2012.
2024-10-07 11:53:16,784 - ERROR - 31 days are missing for station Townsville in the year 2012.
2024-10-07 11:53:16,793 - ERROR - 32 days are missing for station Tuggeranong in the year 2012.
2024-10-07 11:53:16,801 - ERROR - 31 days are missing for station Launceston in the year 2012.
2024-10-07 11:53:16,810 - ERROR - 31 days are missing for station Moree in the year 2012.
2024-10-07 11:53:16,818 - ERROR - 31 days are missing for station Walpole in the year 2012.
2024-10-07 11:53:16,827 - ERROR - 31 days are missing for station BadgerysCreek in the year 2012.
2024-10-07 11:53:16,836 - ERROR - 31 days are missing for station Williamtown in the year 2012.
2024-10-07 11:53:16,845 - ERROR - 31 days are missing for station MelbourneAirport in the year 2012.
2024-10-07 11:53:16,852 - ERROR - 31 days are missing for station PerthAirport in the year 2012.
2024-10-07 11:53:16,861 - ERROR - 31 days are missing for station CoffsHarbour in the year 2012.
2024-10-07 11:53:16,868 - ERROR - 31 days are missing for station Woomera in the year 2012.
2024-10-07 11:53:16,877 - ERROR - 31 days are missing for station PearceRAAF in the year 2012.
2024-10-07 11:53:16,885 - ERROR - 31 days are missing for station Nuriootpa in the year 2012.
2024-10-07 11:53:16,894 - ERROR - 31 days are missing for station Cobar in the year 2012.
2024-10-07 11:53:16,901 - ERROR - 31 days are missing for station Sale in the year 2012.
2024-10-07 11:53:16,910 - ERROR - 31 days are missing for station SydneyAirport in the year 2012.
2024-10-07 11:53:16,918 - ERROR - 31 days are missing for station WaggaWagga in the year 2012.
2024-10-07 11:53:16,927 - ERROR - 31 days are missing for station Richmond in the year 2012.
2024-10-07 11:53:16,935 - ERROR - 31 days are missing for station NorahHead in the year 2012.
2024-10-07 11:53:16,943 - ERROR - 31 days are missing for station Mildura in the year 2012.
2024-10-07 11:53:16,951 - ERROR - 31 days are missing for station NorfolkIsland in the year 2012.
2024-10-07 11:53:16,960 - ERROR - 31 days are missing for station Witchcliffe in the year 2012.
2024-10-07 11:53:16,967 - ERROR - 31 days are missing for station Dartmoor in the year 2012.
2024-10-07 11:53:16,976 - ERROR - 31 days are missing for station Watsonia in the year 2012.
2024-10-07 11:53:16,984 - ERROR - 31 days are missing for station Portland in the year 2012.
2024-10-07 11:53:16,993 - ERROR - 31 days are missing for station SalmonGums in the year 2012.
2024-10-07 11:53:17,001 - ERROR - 366 days are missing for station Uluru in the year 2012.
2024-10-07 11:53:17,009 - ERROR - 366 days are missing for station Nhil in the year 2012.
2024-10-07 11:53:17,017 - ERROR - 366 days are missing for station Katherine in the year 2012.
2024-10-07 11:53:17,026 - ERROR - 28 days are missing for station Canberra in the year 2013.
2024-10-07 11:53:17,034 - ERROR - 28 days are missing for station Sydney in the year 2013.
2024-10-07 11:53:17,043 - ERROR - 28 days are missing for station Adelaide in the year 2013.
2024-10-07 11:53:17,051 - ERROR - 28 days are missing for station Hobart in the year 2013.
2024-10-07 11:53:17,059 - ERROR - 28 days are missing for station Melbourne in the year 2013.
2024-10-07 11:53:17,067 - ERROR - 28 days are missing for station Brisbane in the year 2013.
2024-10-07 11:53:17,076 - ERROR - 28 days are missing for station Perth in the year 2013.
2024-10-07 11:53:17,084 - ERROR - 28 days are missing for station Darwin in the year 2013.
2024-10-07 11:53:17,093 - ERROR - 28 days are missing for station Albany in the year 2013.
2024-10-07 11:53:17,101 - ERROR - 28 days are missing for station Newcastle in the year 2013.
2024-10-07 11:53:17,109 - ERROR - 28 days are missing for station GoldCoast in the year 2013.
2024-10-07 11:53:17,117 - ERROR - 28 days are missing for station AliceSprings in the year 2013.
2024-10-07 11:53:17,126 - ERROR - 28 days are missing for station Albury in the year 2013.
2024-10-07 11:53:17,134 - ERROR - 28 days are missing for station Cairns in the year 2013.
2024-10-07 11:53:17,143 - ERROR - 28 days are missing for station MountGambier in the year 2013.
2024-10-07 11:53:17,151 - ERROR - 28 days are missing for station Penrith in the year 2013.
2024-10-07 11:53:17,159 - ERROR - 28 days are missing for station Ballarat in the year 2013.
2024-10-07 11:53:17,167 - ERROR - 28 days are missing for station Bendigo in the year 2013.
2024-10-07 11:53:17,176 - ERROR - 28 days are missing for station Wollongong in the year 2013.
2024-10-07 11:53:17,184 - ERROR - 28 days are missing for station MountGinini in the year 2013.
2024-10-07 11:53:17,193 - ERROR - 28 days are missing for station Townsville in the year 2013.
2024-10-07 11:53:17,201 - ERROR - 28 days are missing for station Tuggeranong in the year 2013.
2024-10-07 11:53:17,210 - ERROR - 28 days are missing for station Launceston in the year 2013.
2024-10-07 11:53:17,217 - ERROR - 28 days are missing for station Moree in the year 2013.
2024-10-07 11:53:17,226 - ERROR - 28 days are missing for station Walpole in the year 2013.
2024-10-07 11:53:17,234 - ERROR - 28 days are missing for station BadgerysCreek in the year 2013.
2024-10-07 11:53:17,243 - ERROR - 28 days are missing for station Williamtown in the year 2013.
2024-10-07 11:53:17,251 - ERROR - 28 days are missing for station MelbourneAirport in the year 2013.
2024-10-07 11:53:17,260 - ERROR - 28 days are missing for station PerthAirport in the year 2013.
2024-10-07 11:53:17,268 - ERROR - 28 days are missing for station CoffsHarbour in the year 2013.
2024-10-07 11:53:17,277 - ERROR - 28 days are missing for station Woomera in the year 2013.
2024-10-07 11:53:17,285 - ERROR - 28 days are missing for station PearceRAAF in the year 2013.
2024-10-07 11:53:17,294 - ERROR - 28 days are missing for station Nuriootpa in the year 2013.
2024-10-07 11:53:17,302 - ERROR - 28 days are missing for station Cobar in the year 2013.
2024-10-07 11:53:17,310 - ERROR - 28 days are missing for station Sale in the year 2013.
2024-10-07 11:53:17,317 - ERROR - 28 days are missing for station SydneyAirport in the year 2013.
2024-10-07 11:53:17,325 - ERROR - 28 days are missing for station WaggaWagga in the year 2013.
2024-10-07 11:53:17,333 - ERROR - 28 days are missing for station Richmond in the year 2013.
2024-10-07 11:53:17,342 - ERROR - 33 days are missing for station NorahHead in the year 2013.
2024-10-07 11:53:17,350 - ERROR - 28 days are missing for station Mildura in the year 2013.
2024-10-07 11:53:17,359 - ERROR - 28 days are missing for station NorfolkIsland in the year 2013.
2024-10-07 11:53:17,366 - ERROR - 28 days are missing for station Witchcliffe in the year 2013.
2024-10-07 11:53:17,375 - ERROR - 28 days are missing for station Dartmoor in the year 2013.
2024-10-07 11:53:17,383 - ERROR - 28 days are missing for station Watsonia in the year 2013.
2024-10-07 11:53:17,392 - ERROR - 28 days are missing for station Portland in the year 2013.
2024-10-07 11:53:17,400 - ERROR - 28 days are missing for station SalmonGums in the year 2013.
2024-10-07 11:53:17,409 - ERROR - 59 days are missing for station Uluru in the year 2013.
2024-10-07 11:53:17,416 - ERROR - 59 days are missing for station Nhil in the year 2013.
2024-10-07 11:53:17,425 - ERROR - 59 days are missing for station Katherine in the year 2013.
2024-10-07 11:53:17,433 - ERROR - All days of the year 2014 are present for station Canberra.
2024-10-07 11:53:17,442 - ERROR - All days of the year 2014 are present for station Sydney.
2024-10-07 11:53:17,450 - ERROR - All days of the year 2014 are present for station Adelaide.
2024-10-07 11:53:17,459 - ERROR - All days of the year 2014 are present for station Hobart.
2024-10-07 11:53:17,467 - ERROR - All days of the year 2014 are present for station Melbourne.
2024-10-07 11:53:17,476 - ERROR - All days of the year 2014 are present for station Brisbane.
2024-10-07 11:53:17,483 - ERROR - All days of the year 2014 are present for station Perth.
2024-10-07 11:53:17,492 - ERROR - All days of the year 2014 are present for station Darwin.
2024-10-07 11:53:17,500 - ERROR - All days of the year 2014 are present for station Albany.
2024-10-07 11:53:17,509 - ERROR - All days of the year 2014 are present for station Newcastle.
2024-10-07 11:53:17,516 - ERROR - All days of the year 2014 are present for station GoldCoast.
2024-10-07 11:53:17,525 - ERROR - All days of the year 2014 are present for station AliceSprings.
2024-10-07 11:53:17,533 - ERROR - All days of the year 2014 are present for station Albury.
2024-10-07 11:53:17,542 - ERROR - All days of the year 2014 are present for station Cairns.
2024-10-07 11:53:17,549 - ERROR - All days of the year 2014 are present for station MountGambier.
2024-10-07 11:53:17,558 - ERROR - All days of the year 2014 are present for station Penrith.
2024-10-07 11:53:17,566 - ERROR - All days of the year 2014 are present for station Ballarat.
2024-10-07 11:53:17,575 - ERROR - All days of the year 2014 are present for station Bendigo.
2024-10-07 11:53:17,583 - ERROR - All days of the year 2014 are present for station Wollongong.
2024-10-07 11:53:17,593 - ERROR - All days of the year 2014 are present for station MountGinini.
2024-10-07 11:53:17,601 - ERROR - All days of the year 2014 are present for station Townsville.
2024-10-07 11:53:17,610 - ERROR - All days of the year 2014 are present for station Tuggeranong.
2024-10-07 11:53:17,618 - ERROR - All days of the year 2014 are present for station Launceston.
2024-10-07 11:53:17,626 - ERROR - All days of the year 2014 are present for station Moree.
2024-10-07 11:53:17,635 - ERROR - All days of the year 2014 are present for station Walpole.
2024-10-07 11:53:17,644 - ERROR - All days of the year 2014 are present for station BadgerysCreek.
2024-10-07 11:53:17,653 - ERROR - All days of the year 2014 are present for station Williamtown.
2024-10-07 11:53:17,661 - ERROR - All days of the year 2014 are present for station MelbourneAirport.
2024-10-07 11:53:17,670 - ERROR - All days of the year 2014 are present for station PerthAirport.
2024-10-07 11:53:17,678 - ERROR - All days of the year 2014 are present for station CoffsHarbour.
2024-10-07 11:53:17,686 - ERROR - All days of the year 2014 are present for station Woomera.
2024-10-07 11:53:17,696 - ERROR - All days of the year 2014 are present for station PearceRAAF.
2024-10-07 11:53:17,704 - ERROR - All days of the year 2014 are present for station Nuriootpa.
2024-10-07 11:53:17,712 - ERROR - All days of the year 2014 are present for station Cobar.
2024-10-07 11:53:17,721 - ERROR - All days of the year 2014 are present for station Sale.
2024-10-07 11:53:17,729 - ERROR - All days of the year 2014 are present for station SydneyAirport.
2024-10-07 11:53:17,736 - ERROR - All days of the year 2014 are present for station WaggaWagga.
2024-10-07 11:53:17,745 - ERROR - All days of the year 2014 are present for station Richmond.
2024-10-07 11:53:17,753 - ERROR - All days of the year 2014 are present for station NorahHead.
2024-10-07 11:53:17,761 - ERROR - All days of the year 2014 are present for station Mildura.
2024-10-07 11:53:17,769 - ERROR - All days of the year 2014 are present for station NorfolkIsland.
2024-10-07 11:53:17,777 - ERROR - All days of the year 2014 are present for station Witchcliffe.
2024-10-07 11:53:17,785 - ERROR - All days of the year 2014 are present for station Dartmoor.
2024-10-07 11:53:17,794 - ERROR - All days of the year 2014 are present for station Watsonia.
2024-10-07 11:53:17,802 - ERROR - All days of the year 2014 are present for station Portland.
2024-10-07 11:53:17,812 - ERROR - All days of the year 2014 are present for station SalmonGums.
2024-10-07 11:53:17,820 - ERROR - All days of the year 2014 are present for station Uluru.
2024-10-07 11:53:17,828 - ERROR - All days of the year 2014 are present for station Nhil.
2024-10-07 11:53:17,836 - ERROR - All days of the year 2014 are present for station Katherine.
2024-10-07 11:53:17,846 - ERROR - All days of the year 2015 are present for station Canberra.
2024-10-07 11:53:17,854 - ERROR - All days of the year 2015 are present for station Sydney.
2024-10-07 11:53:17,863 - ERROR - All days of the year 2015 are present for station Adelaide.
2024-10-07 11:53:17,871 - ERROR - All days of the year 2015 are present for station Hobart.
2024-10-07 11:53:17,879 - ERROR - All days of the year 2015 are present for station Melbourne.
2024-10-07 11:53:17,888 - ERROR - All days of the year 2015 are present for station Brisbane.
2024-10-07 11:53:17,896 - ERROR - All days of the year 2015 are present for station Perth.
2024-10-07 11:53:17,905 - ERROR - All days of the year 2015 are present for station Darwin.
2024-10-07 11:53:17,913 - ERROR - All days of the year 2015 are present for station Albany.
2024-10-07 11:53:17,921 - ERROR - All days of the year 2015 are present for station Newcastle.
2024-10-07 11:53:17,929 - ERROR - All days of the year 2015 are present for station GoldCoast.
2024-10-07 11:53:17,937 - ERROR - All days of the year 2015 are present for station AliceSprings.
2024-10-07 11:53:17,946 - ERROR - All days of the year 2015 are present for station Albury.
2024-10-07 11:53:17,954 - ERROR - All days of the year 2015 are present for station Cairns.
2024-10-07 11:53:17,962 - ERROR - All days of the year 2015 are present for station MountGambier.
2024-10-07 11:53:17,969 - ERROR - All days of the year 2015 are present for station Penrith.
2024-10-07 11:53:17,978 - ERROR - All days of the year 2015 are present for station Ballarat.
2024-10-07 11:53:17,985 - ERROR - All days of the year 2015 are present for station Bendigo.
2024-10-07 11:53:17,994 - ERROR - All days of the year 2015 are present for station Wollongong.
2024-10-07 11:53:18,001 - ERROR - All days of the year 2015 are present for station MountGinini.
2024-10-07 11:53:18,010 - ERROR - All days of the year 2015 are present for station Townsville.
2024-10-07 11:53:18,018 - ERROR - All days of the year 2015 are present for station Tuggeranong.
2024-10-07 11:53:18,026 - ERROR - All days of the year 2015 are present for station Launceston.
2024-10-07 11:53:18,034 - ERROR - All days of the year 2015 are present for station Moree.
2024-10-07 11:53:18,043 - ERROR - All days of the year 2015 are present for station Walpole.
2024-10-07 11:53:18,051 - ERROR - All days of the year 2015 are present for station BadgerysCreek.
2024-10-07 11:53:18,060 - ERROR - All days of the year 2015 are present for station Williamtown.
2024-10-07 11:53:18,069 - ERROR - All days of the year 2015 are present for station MelbourneAirport.
2024-10-07 11:53:18,078 - ERROR - All days of the year 2015 are present for station PerthAirport.
2024-10-07 11:53:18,086 - ERROR - All days of the year 2015 are present for station CoffsHarbour.
2024-10-07 11:53:18,095 - ERROR - All days of the year 2015 are present for station Woomera.
2024-10-07 11:53:18,103 - ERROR - All days of the year 2015 are present for station PearceRAAF.
2024-10-07 11:53:18,112 - ERROR - All days of the year 2015 are present for station Nuriootpa.
2024-10-07 11:53:18,120 - ERROR - All days of the year 2015 are present for station Cobar.
2024-10-07 11:53:18,128 - ERROR - All days of the year 2015 are present for station Sale.
2024-10-07 11:53:18,136 - ERROR - All days of the year 2015 are present for station SydneyAirport.
2024-10-07 11:53:18,145 - ERROR - All days of the year 2015 are present for station WaggaWagga.
2024-10-07 11:53:18,153 - ERROR - All days of the year 2015 are present for station Richmond.
2024-10-07 11:53:18,161 - ERROR - All days of the year 2015 are present for station NorahHead.
2024-10-07 11:53:18,169 - ERROR - All days of the year 2015 are present for station Mildura.
2024-10-07 11:53:18,177 - ERROR - All days of the year 2015 are present for station NorfolkIsland.
2024-10-07 11:53:18,185 - ERROR - All days of the year 2015 are present for station Witchcliffe.
2024-10-07 11:53:18,194 - ERROR - All days of the year 2015 are present for station Dartmoor.
2024-10-07 11:53:18,202 - ERROR - All days of the year 2015 are present for station Watsonia.
2024-10-07 11:53:18,211 - ERROR - All days of the year 2015 are present for station Portland.
2024-10-07 11:53:18,219 - ERROR - All days of the year 2015 are present for station SalmonGums.
2024-10-07 11:53:18,228 - ERROR - All days of the year 2015 are present for station Uluru.
2024-10-07 11:53:18,236 - ERROR - All days of the year 2015 are present for station Nhil.
2024-10-07 11:53:18,244 - ERROR - All days of the year 2015 are present for station Katherine.
2024-10-07 11:53:18,253 - ERROR - All days of the year 2016 are present for station Canberra.
2024-10-07 11:53:18,261 - ERROR - All days of the year 2016 are present for station Sydney.
2024-10-07 11:53:18,271 - ERROR - All days of the year 2016 are present for station Adelaide.
2024-10-07 11:53:18,279 - ERROR - All days of the year 2016 are present for station Hobart.
2024-10-07 11:53:18,288 - ERROR - All days of the year 2016 are present for station Melbourne.
2024-10-07 11:53:18,296 - ERROR - All days of the year 2016 are present for station Brisbane.
2024-10-07 11:53:18,304 - ERROR - All days of the year 2016 are present for station Perth.
2024-10-07 11:53:18,313 - ERROR - All days of the year 2016 are present for station Darwin.
2024-10-07 11:53:18,322 - ERROR - All days of the year 2016 are present for station Albany.
2024-10-07 11:53:18,330 - ERROR - All days of the year 2016 are present for station Newcastle.
2024-10-07 11:53:18,338 - ERROR - All days of the year 2016 are present for station GoldCoast.
2024-10-07 11:53:18,346 - ERROR - All days of the year 2016 are present for station AliceSprings.
2024-10-07 11:53:18,355 - ERROR - All days of the year 2016 are present for station Albury.
2024-10-07 11:53:18,363 - ERROR - All days of the year 2016 are present for station Cairns.
2024-10-07 11:53:18,371 - ERROR - All days of the year 2016 are present for station MountGambier.
2024-10-07 11:53:18,379 - ERROR - All days of the year 2016 are present for station Penrith.
2024-10-07 11:53:18,387 - ERROR - All days of the year 2016 are present for station Ballarat.
2024-10-07 11:53:18,396 - ERROR - All days of the year 2016 are present for station Bendigo.
2024-10-07 11:53:18,404 - ERROR - All days of the year 2016 are present for station Wollongong.
2024-10-07 11:53:18,413 - ERROR - All days of the year 2016 are present for station MountGinini.
2024-10-07 11:53:18,421 - ERROR - All days of the year 2016 are present for station Townsville.
2024-10-07 11:53:18,429 - ERROR - All days of the year 2016 are present for station Tuggeranong.
2024-10-07 11:53:18,437 - ERROR - All days of the year 2016 are present for station Launceston.
2024-10-07 11:53:18,445 - ERROR - All days of the year 2016 are present for station Moree.
2024-10-07 11:53:18,454 - ERROR - All days of the year 2016 are present for station Walpole.
2024-10-07 11:53:18,462 - ERROR - All days of the year 2016 are present for station BadgerysCreek.
2024-10-07 11:53:18,471 - ERROR - All days of the year 2016 are present for station Williamtown.
2024-10-07 11:53:18,479 - ERROR - All days of the year 2016 are present for station MelbourneAirport.
2024-10-07 11:53:18,487 - ERROR - All days of the year 2016 are present for station PerthAirport.
2024-10-07 11:53:18,496 - ERROR - All days of the year 2016 are present for station CoffsHarbour.
2024-10-07 11:53:18,504 - ERROR - All days of the year 2016 are present for station Woomera.
2024-10-07 11:53:18,513 - ERROR - All days of the year 2016 are present for station PearceRAAF.
2024-10-07 11:53:18,521 - ERROR - All days of the year 2016 are present for station Nuriootpa.
2024-10-07 11:53:18,529 - ERROR - All days of the year 2016 are present for station Cobar.
2024-10-07 11:53:18,538 - ERROR - All days of the year 2016 are present for station Sale.
2024-10-07 11:53:18,546 - ERROR - All days of the year 2016 are present for station SydneyAirport.
2024-10-07 11:53:18,554 - ERROR - All days of the year 2016 are present for station WaggaWagga.
2024-10-07 11:53:18,563 - ERROR - All days of the year 2016 are present for station Richmond.
2024-10-07 11:53:18,571 - ERROR - All days of the year 2016 are present for station NorahHead.
2024-10-07 11:53:18,579 - ERROR - All days of the year 2016 are present for station Mildura.
2024-10-07 11:53:18,587 - ERROR - All days of the year 2016 are present for station NorfolkIsland.
2024-10-07 11:53:18,596 - ERROR - All days of the year 2016 are present for station Witchcliffe.
2024-10-07 11:53:18,604 - ERROR - All days of the year 2016 are present for station Dartmoor.
2024-10-07 11:53:18,613 - ERROR - All days of the year 2016 are present for station Watsonia.
2024-10-07 11:53:18,622 - ERROR - All days of the year 2016 are present for station Portland.
2024-10-07 11:53:18,630 - ERROR - All days of the year 2016 are present for station SalmonGums.
2024-10-07 11:53:18,639 - ERROR - All days of the year 2016 are present for station Uluru.
2024-10-07 11:53:18,647 - ERROR - All days of the year 2016 are present for station Nhil.
2024-10-07 11:53:18,655 - ERROR - All days of the year 2016 are present for station Katherine.
2024-10-07 11:53:18,664 - ERROR - 189 days are missing for station Canberra in the year 2017.
2024-10-07 11:53:18,673 - ERROR - 189 days are missing for station Sydney in the year 2017.
2024-10-07 11:53:18,681 - ERROR - 189 days are missing for station Adelaide in the year 2017.
2024-10-07 11:53:18,689 - ERROR - 189 days are missing for station Hobart in the year 2017.
2024-10-07 11:53:18,697 - ERROR - 189 days are missing for station Melbourne in the year 2017.
2024-10-07 11:53:18,706 - ERROR - 189 days are missing for station Brisbane in the year 2017.
2024-10-07 11:53:18,714 - ERROR - 189 days are missing for station Perth in the year 2017.
2024-10-07 11:53:18,722 - ERROR - 189 days are missing for station Darwin in the year 2017.
2024-10-07 11:53:18,730 - ERROR - 189 days are missing for station Albany in the year 2017.
2024-10-07 11:53:18,738 - ERROR - 190 days are missing for station Newcastle in the year 2017.
2024-10-07 11:53:18,746 - ERROR - 189 days are missing for station GoldCoast in the year 2017.
2024-10-07 11:53:18,754 - ERROR - 189 days are missing for station AliceSprings in the year 2017.
2024-10-07 11:53:18,762 - ERROR - 189 days are missing for station Albury in the year 2017.
2024-10-07 11:53:18,771 - ERROR - 189 days are missing for station Cairns in the year 2017.
2024-10-07 11:53:18,779 - ERROR - 189 days are missing for station MountGambier in the year 2017.
2024-10-07 11:53:18,788 - ERROR - 189 days are missing for station Penrith in the year 2017.
2024-10-07 11:53:18,796 - ERROR - 189 days are missing for station Ballarat in the year 2017.
2024-10-07 11:53:18,804 - ERROR - 189 days are missing for station Bendigo in the year 2017.
2024-10-07 11:53:18,813 - ERROR - 189 days are missing for station Wollongong in the year 2017.
2024-10-07 11:53:18,821 - ERROR - 189 days are missing for station MountGinini in the year 2017.
2024-10-07 11:53:18,829 - ERROR - 189 days are missing for station Townsville in the year 2017.
2024-10-07 11:53:18,837 - ERROR - 189 days are missing for station Tuggeranong in the year 2017.
2024-10-07 11:53:18,846 - ERROR - 189 days are missing for station Launceston in the year 2017.
2024-10-07 11:53:18,854 - ERROR - 189 days are missing for station Moree in the year 2017.
2024-10-07 11:53:18,862 - ERROR - 189 days are missing for station Walpole in the year 2017.
2024-10-07 11:53:18,870 - ERROR - 189 days are missing for station BadgerysCreek in the year 2017.
2024-10-07 11:53:18,878 - ERROR - 189 days are missing for station Williamtown in the year 2017.
2024-10-07 11:53:18,887 - ERROR - 189 days are missing for station MelbourneAirport in the year 2017.
2024-10-07 11:53:18,896 - ERROR - 189 days are missing for station PerthAirport in the year 2017.
2024-10-07 11:53:18,904 - ERROR - 189 days are missing for station CoffsHarbour in the year 2017.
2024-10-07 11:53:18,913 - ERROR - 189 days are missing for station Woomera in the year 2017.
2024-10-07 11:53:18,922 - ERROR - 189 days are missing for station PearceRAAF in the year 2017.
2024-10-07 11:53:18,930 - ERROR - 189 days are missing for station Nuriootpa in the year 2017.
2024-10-07 11:53:18,938 - ERROR - 189 days are missing for station Cobar in the year 2017.
2024-10-07 11:53:18,946 - ERROR - 189 days are missing for station Sale in the year 2017.
2024-10-07 11:53:18,955 - ERROR - 189 days are missing for station SydneyAirport in the year 2017.
2024-10-07 11:53:18,963 - ERROR - 189 days are missing for station WaggaWagga in the year 2017.
2024-10-07 11:53:18,973 - ERROR - 189 days are missing for station Richmond in the year 2017.
2024-10-07 11:53:18,981 - ERROR - 189 days are missing for station NorahHead in the year 2017.
2024-10-07 11:53:18,990 - ERROR - 189 days are missing for station Mildura in the year 2017.
2024-10-07 11:53:18,998 - ERROR - 189 days are missing for station NorfolkIsland in the year 2017.
2024-10-07 11:53:19,007 - ERROR - 189 days are missing for station Witchcliffe in the year 2017.
2024-10-07 11:53:19,016 - ERROR - 189 days are missing for station Dartmoor in the year 2017.
2024-10-07 11:53:19,025 - ERROR - 189 days are missing for station Watsonia in the year 2017.
2024-10-07 11:53:19,033 - ERROR - 189 days are missing for station Portland in the year 2017.
2024-10-07 11:53:19,042 - ERROR - 189 days are missing for station SalmonGums in the year 2017.
2024-10-07 11:53:19,049 - ERROR - 189 days are missing for station Uluru in the year 2017.
2024-10-07 11:53:19,058 - ERROR - 189 days are missing for station Nhil in the year 2017.
2024-10-07 11:53:19,066 - ERROR - 189 days are missing for station Katherine in the year 2017.
